<?xml version="1.0" encoding="UTF-8"?>
<!-- Generated by org.testng.reporters.JUnitXMLReporter -->
<testsuite hostname="criscar-asus" ignored="0" name="LoginTest" tests="2" failures="2" timestamp="30 oct. 2018 21:27:39 GMT" time="41.936" errors="0">
  <testcase name="invalidLoginTest_InvalidUserNameInvalidPassword" time="18.875" classname="com.criscar.swtestacademy.swd.pageobject.LoginTests">
    <failure type="java.lang.AssertionError" message="expected [Girilen deÄŸer en az 6 karakter olmalÄ±dÄ±r.] but found [Girilen değer en az 6 karakter olmalıdır.]">
      <![CDATA[java.lang.AssertionError: expected [Girilen deÄŸer en az 6 karakter olmalÄ±dÄ±r.] but found [Girilen değer en az 6 karakter olmalıdır.]
at com.criscar.swtestacademy.swd.pageobject.pages.LoginPage.verifyLoginPassword(LoginPage.java:51)
at com.criscar.swtestacademy.swd.pageobject.LoginTests.invalidLoginTest_InvalidUserNameInvalidPassword(LoginTests.java:31)
... Removed 34 stack frames]]>
    </failure>
  </testcase> <!-- invalidLoginTest_InvalidUserNameInvalidPassword -->
  <testcase name="invalidLoginTest_EmptyUserNameEmptyPassword" time="7.753" classname="com.criscar.swtestacademy.swd.pageobject.LoginTests">
    <failure type="java.lang.AssertionError" message="expected [LÃ¼tfen e-posta adresinizi girin.] but found [Lütfen e-posta adresinizi girin.]">
      <![CDATA[java.lang.AssertionError: expected [LÃ¼tfen e-posta adresinizi girin.] but found [Lütfen e-posta adresinizi girin.]
at com.criscar.swtestacademy.swd.pageobject.pages.LoginPage.verifyLoginUserName(LoginPage.java:46)
at com.criscar.swtestacademy.swd.pageobject.LoginTests.invalidLoginTest_EmptyUserNameEmptyPassword(LoginTests.java:58)
... Removed 34 stack frames]]>
    </failure>
  </testcase> <!-- invalidLoginTest_EmptyUserNameEmptyPassword -->
</testsuite> <!-- LoginTest -->
