<?xml version="1.0" encoding="UTF-8"?>
<!-- Generated by org.testng.reporters.JUnitXMLReporter -->
<testsuite hostname="criscar-asus" ignored="0" name="Default test" tests="2" failures="0" timestamp="30 oct. 2018 21:32:59 GMT" time="50.803" errors="0">
  <testcase name="invalidLoginTest_InvalidUserNameInvalidPassword" time="27.116" classname="com.criscar.swtestacademy.swd.pageobjectfactory.LoginTests"/>
  <testcase name="invalidLoginTest_EmptyUserNameEmptyPassword" time="9.221" classname="com.criscar.swtestacademy.swd.pageobjectfactory.LoginTests"/>
</testsuite> <!-- Default test -->
